GAS LISTING /tmp/ccRCH9FT.s 			page 1


   1              		.file	"main.cpp"
   2              		.option pic
   3              		.option norelax
   4              		.text
   5              	.Ltext0:
   6              		.align	2
   7              		.globl	_Z15userMainWrapperPv
   9              	_Z15userMainWrapperPv:
  10              	.LFB39:
  11              		.file 1 "src/main.cpp"
   1:src/main.cpp  **** //
   2:src/main.cpp  **** // Created by os on 5/17/24.
   3:src/main.cpp  **** //
   4:src/main.cpp  **** 
   5:src/main.cpp  **** #include "../lib/hw.h"
   6:src/main.cpp  **** #include "../lib/console.h"
   7:src/main.cpp  **** #include "../h/MemoryAllocator.hpp"
   8:src/main.cpp  **** #include "../h/syscall_c.hpp"
   9:src/main.cpp  **** #include "../h/syscall_cpp.hpp"
  10:src/main.cpp  **** #include "../h/riscv.hpp"
  11:src/main.cpp  **** #include "../h/printing.hpp"
  12:src/main.cpp  **** 
  13:src/main.cpp  **** #include "../h/tcb.hpp"
  14:src/main.cpp  **** #include "../h/workers.hpp"
  15:src/main.cpp  **** #include "../h/printing.hpp"
  16:src/main.cpp  **** #include "../h/riscv.hpp"
  17:src/main.cpp  **** //#include "../src/userMain.cpp"
  18:src/main.cpp  **** 
  19:src/main.cpp  **** extern void userMain();
  20:src/main.cpp  **** 
  21:src/main.cpp  **** void userMainWrapper(void*)
  22:src/main.cpp  **** {
  12              		.loc 1 22 1
  13              		.cfi_startproc
  14 0000 130101FF 		addi	sp,sp,-16
  15              		.cfi_def_cfa_offset 16
  16 0004 23341100 		sd	ra,8(sp)
  17 0008 23308100 		sd	s0,0(sp)
  18              		.cfi_offset 1, -8
  19              		.cfi_offset 8, -16
  20 000c 13040101 		addi	s0,sp,16
  21              		.cfi_def_cfa 8, 0
  23:src/main.cpp  ****     userMain();
  22              		.loc 1 23 5
  23              		.loc 1 23 13 is_stmt 0
  24 0010 97000000 		call	_Z8userMainv@plt
  24      E7800000 
  25              	.LVL0:
  24:src/main.cpp  **** }
  26              		.loc 1 24 1
  27 0018 83308100 		ld	ra,8(sp)
  28              		.cfi_restore 1
  29 001c 03340100 		ld	s0,0(sp)
  30              		.cfi_restore 8
  31              		.cfi_def_cfa 2, 16
  32 0020 13010101 		addi	sp,sp,16
  33              		.cfi_def_cfa_offset 0
GAS LISTING /tmp/ccRCH9FT.s 			page 2


  34 0024 67800000 		jr	ra
  35              		.cfi_endproc
  36              	.LFE39:
  38              		.align	2
  39              		.globl	main
  41              	main:
  42              	.LFB40:
  25:src/main.cpp  **** 
  26:src/main.cpp  **** int main()
  27:src/main.cpp  **** {
  43              		.loc 1 27 1 is_stmt 1
  44              		.cfi_startproc
  45 0028 130101FE 		addi	sp,sp,-32
  46              		.cfi_def_cfa_offset 32
  47 002c 233C1100 		sd	ra,24(sp)
  48 0030 23388100 		sd	s0,16(sp)
  49              		.cfi_offset 1, -8
  50              		.cfi_offset 8, -16
  51 0034 13040102 		addi	s0,sp,32
  52              		.cfi_def_cfa 8, 0
  28:src/main.cpp  ****     Riscv::w_stvec((uint64) &Riscv::supervisorTrap);
  53              		.loc 1 28 5
  54              		.loc 1 28 19 is_stmt 0
  55 0038 97070000 		la	a5,_ZN5Riscv14supervisorTrapEv
  55      83B70700 
  56              	.LVL1:
  57              	.LBB8:
  58              	.LBB9:
  59              		.file 2 "src/../h/riscv.hpp"
   1:src/../h/riscv.hpp **** //
   2:src/../h/riscv.hpp **** // Created by os on 5/17/24.
   3:src/../h/riscv.hpp **** //
   4:src/../h/riscv.hpp **** 
   5:src/../h/riscv.hpp **** #ifndef PROJECT_BASE_RISCV_HPP
   6:src/../h/riscv.hpp **** #define PROJECT_BASE_RISCV_HPP
   7:src/../h/riscv.hpp **** 
   8:src/../h/riscv.hpp **** #include "../lib/hw.h"
   9:src/../h/riscv.hpp **** 
  10:src/../h/riscv.hpp **** class Riscv
  11:src/../h/riscv.hpp **** {
  12:src/../h/riscv.hpp **** public:
  13:src/../h/riscv.hpp **** 
  14:src/../h/riscv.hpp ****     // pop sstatus.spp and sstatus.spie bits (has to be a non inline function)
  15:src/../h/riscv.hpp ****     static void popSppSpie();
  16:src/../h/riscv.hpp **** 
  17:src/../h/riscv.hpp ****     // read register scause
  18:src/../h/riscv.hpp ****     static uint64 r_scause();
  19:src/../h/riscv.hpp **** 
  20:src/../h/riscv.hpp ****     // write register scause
  21:src/../h/riscv.hpp ****     static void w_scause(uint64 scause);
  22:src/../h/riscv.hpp **** 
  23:src/../h/riscv.hpp ****     // read register sepc
  24:src/../h/riscv.hpp ****     static uint64 r_sepc();
  25:src/../h/riscv.hpp **** 
  26:src/../h/riscv.hpp ****     // write register sepc
  27:src/../h/riscv.hpp ****     static void w_sepc(uint64 sepc);
  28:src/../h/riscv.hpp **** 
GAS LISTING /tmp/ccRCH9FT.s 			page 3


  29:src/../h/riscv.hpp ****     // read register stvec
  30:src/../h/riscv.hpp ****     static uint64 r_stvec();
  31:src/../h/riscv.hpp **** 
  32:src/../h/riscv.hpp ****     // write register stvec
  33:src/../h/riscv.hpp ****     static void w_stvec(uint64 stvec);
  34:src/../h/riscv.hpp **** 
  35:src/../h/riscv.hpp ****     // read register stval
  36:src/../h/riscv.hpp ****     static uint64 r_stval();
  37:src/../h/riscv.hpp **** 
  38:src/../h/riscv.hpp ****     // write register stval
  39:src/../h/riscv.hpp ****     static void w_stval(uint64 stval);
  40:src/../h/riscv.hpp **** 
  41:src/../h/riscv.hpp ****     enum BitMaskSip
  42:src/../h/riscv.hpp ****     {
  43:src/../h/riscv.hpp ****         SIP_SSIP = (1 << 1),
  44:src/../h/riscv.hpp ****         SIP_STIP = (1 << 5),
  45:src/../h/riscv.hpp ****         SIP_SEIP = (1 << 9),
  46:src/../h/riscv.hpp ****     };
  47:src/../h/riscv.hpp **** 
  48:src/../h/riscv.hpp ****     // mask set register sip
  49:src/../h/riscv.hpp ****     static void ms_sip(uint64 mask);
  50:src/../h/riscv.hpp **** 
  51:src/../h/riscv.hpp ****     // mask clear register sip
  52:src/../h/riscv.hpp ****     static void mc_sip(uint64 mask);
  53:src/../h/riscv.hpp **** 
  54:src/../h/riscv.hpp ****     // read register sip
  55:src/../h/riscv.hpp ****     static uint64 r_sip();
  56:src/../h/riscv.hpp **** 
  57:src/../h/riscv.hpp ****     // write register sip
  58:src/../h/riscv.hpp ****     static void w_sip(uint64 sip);
  59:src/../h/riscv.hpp **** 
  60:src/../h/riscv.hpp ****     enum BitMaskSstatus
  61:src/../h/riscv.hpp ****     {
  62:src/../h/riscv.hpp ****         SSTATUS_SIE = (1 << 1),
  63:src/../h/riscv.hpp ****         SSTATUS_SPIE = (1 << 5),
  64:src/../h/riscv.hpp ****         SSTATUS_SPP = (1 << 8),
  65:src/../h/riscv.hpp ****     };
  66:src/../h/riscv.hpp **** 
  67:src/../h/riscv.hpp ****     // mask set register sstatus
  68:src/../h/riscv.hpp ****     static void ms_sstatus(uint64 mask);
  69:src/../h/riscv.hpp **** 
  70:src/../h/riscv.hpp ****     // mask clear register sstatus
  71:src/../h/riscv.hpp ****     static void mc_sstatus(uint64 mask);
  72:src/../h/riscv.hpp **** 
  73:src/../h/riscv.hpp ****     // read register sstatus
  74:src/../h/riscv.hpp ****     static uint64 r_sstatus();
  75:src/../h/riscv.hpp **** 
  76:src/../h/riscv.hpp ****     // write register sstatus
  77:src/../h/riscv.hpp ****     static void w_sstatus(uint64 sstatus);
  78:src/../h/riscv.hpp **** 
  79:src/../h/riscv.hpp ****     // supervisor trap
  80:src/../h/riscv.hpp ****     static void supervisorTrap();
  81:src/../h/riscv.hpp **** 
  82:src/../h/riscv.hpp **** private:
  83:src/../h/riscv.hpp **** 
  84:src/../h/riscv.hpp ****     // supervisor trap handler
  85:src/../h/riscv.hpp ****     static void handleSupervisorTrap();
GAS LISTING /tmp/ccRCH9FT.s 			page 4


  86:src/../h/riscv.hpp **** 
  87:src/../h/riscv.hpp **** };
  88:src/../h/riscv.hpp **** 
  89:src/../h/riscv.hpp **** inline uint64 Riscv::r_scause()
  90:src/../h/riscv.hpp **** {
  91:src/../h/riscv.hpp ****     uint64 volatile scause;
  92:src/../h/riscv.hpp ****     __asm__ volatile ("csrr %[scause], scause" : [scause] "=r"(scause));
  93:src/../h/riscv.hpp ****     return scause;
  94:src/../h/riscv.hpp **** }
  95:src/../h/riscv.hpp **** 
  96:src/../h/riscv.hpp **** inline void Riscv::w_scause(uint64 scause)
  97:src/../h/riscv.hpp **** {
  98:src/../h/riscv.hpp ****     __asm__ volatile ("csrw scause, %[scause]" : : [scause] "r"(scause));
  99:src/../h/riscv.hpp **** }
 100:src/../h/riscv.hpp **** 
 101:src/../h/riscv.hpp **** inline uint64 Riscv::r_sepc()
 102:src/../h/riscv.hpp **** {
 103:src/../h/riscv.hpp ****     uint64 volatile sepc;
 104:src/../h/riscv.hpp ****     __asm__ volatile ("csrr %[sepc], sepc" : [sepc] "=r"(sepc));
 105:src/../h/riscv.hpp ****     return sepc;
 106:src/../h/riscv.hpp **** }
 107:src/../h/riscv.hpp **** 
 108:src/../h/riscv.hpp **** inline void Riscv::w_sepc(uint64 sepc)
 109:src/../h/riscv.hpp **** {
 110:src/../h/riscv.hpp ****     __asm__ volatile ("csrw sepc, %[sepc]" : : [sepc] "r"(sepc));
 111:src/../h/riscv.hpp **** }
 112:src/../h/riscv.hpp **** 
 113:src/../h/riscv.hpp **** inline uint64 Riscv::r_stvec()
 114:src/../h/riscv.hpp **** {
 115:src/../h/riscv.hpp ****     uint64 volatile stvec;
 116:src/../h/riscv.hpp ****     __asm__ volatile ("csrr %[stvec], stvec" : [stvec] "=r"(stvec));
 117:src/../h/riscv.hpp ****     return stvec;
 118:src/../h/riscv.hpp **** }
 119:src/../h/riscv.hpp **** 
 120:src/../h/riscv.hpp **** inline void Riscv::w_stvec(uint64 stvec)
 121:src/../h/riscv.hpp **** {
 122:src/../h/riscv.hpp ****     __asm__ volatile ("csrw stvec, %[stvec]" : : [stvec] "r"(stvec));
  60              		.loc 2 122 5 is_stmt 1
  61              		.loc 2 122 69 is_stmt 0
  62              	#APP
  63              	# 122 "src/../h/riscv.hpp" 1
 123              	}
  64              		csrw stvec, a5
  65              	# 0 "" 2
  66              	.LVL2:
  67              	#NO_APP
  68              	.LBE9:
  69              	.LBE8:
  29:src/main.cpp  **** 
  30:src/main.cpp  ****     thread_t systemThread;
  70              		.loc 1 30 5 is_stmt 1
  31:src/main.cpp  ****     thread_create(&systemThread , nullptr, nullptr);
  71              		.loc 1 31 5
  72              		.loc 1 31 18 is_stmt 0
  73 0044 13060000 		li	a2,0
  74 0048 93050000 		li	a1,0
  75 004c 130584FE 		addi	a0,s0,-24
GAS LISTING /tmp/ccRCH9FT.s 			page 5


  76 0050 97000000 		call	_Z13thread_createPP3TCBPFvPvES2_@plt
  76      E7800000 
  77              	.LVL3:
  32:src/main.cpp  ****     TCB::running = systemThread;
  78              		.loc 1 32 5 is_stmt 1
  79              		.loc 1 32 18 is_stmt 0
  80 0058 97070000 		la	a5,_ZN3TCB7runningE
  80      83B70700 
  81 0060 033784FE 		ld	a4,-24(s0)
  82 0064 23B0E700 		sd	a4,0(a5)
  33:src/main.cpp  **** 
  34:src/main.cpp  **** 
  35:src/main.cpp  ****     thread_t userMainThread;
  83              		.loc 1 35 5 is_stmt 1
  36:src/main.cpp  ****     thread_create(&userMainThread , &userMainWrapper, nullptr);
  84              		.loc 1 36 5
  85              		.loc 1 36 18 is_stmt 0
  86 0068 13060000 		li	a2,0
  87 006c 97050000 		lla	a1,_Z15userMainWrapperPv
  87      93850500 
  88 0074 130504FE 		addi	a0,s0,-32
  89 0078 97000000 		call	_Z13thread_createPP3TCBPFvPvES2_@plt
  89      E7800000 
  90              	.LVL4:
  37:src/main.cpp  **** 
  38:src/main.cpp  ****     Riscv::ms_sstatus(Riscv::BitMaskSstatus::SSTATUS_SIE);
  91              		.loc 1 38 5 is_stmt 1
  92              	.LBB10:
  93              	.LBB11:
 124:src/../h/riscv.hpp **** 
 125:src/../h/riscv.hpp **** inline uint64 Riscv::r_stval()
 126:src/../h/riscv.hpp **** {
 127:src/../h/riscv.hpp ****     uint64 volatile stval;
 128:src/../h/riscv.hpp ****     __asm__ volatile ("csrr %[stval], stval" : [stval] "=r"(stval));
 129:src/../h/riscv.hpp ****     return stval;
 130:src/../h/riscv.hpp **** }
 131:src/../h/riscv.hpp **** 
 132:src/../h/riscv.hpp **** inline void Riscv::w_stval(uint64 stval)
 133:src/../h/riscv.hpp **** {
 134:src/../h/riscv.hpp ****     __asm__ volatile ("csrw stval, %[stval]" : : [stval] "r"(stval));
 135:src/../h/riscv.hpp **** }
 136:src/../h/riscv.hpp **** 
 137:src/../h/riscv.hpp **** inline void Riscv::ms_sip(uint64 mask)
 138:src/../h/riscv.hpp **** {
 139:src/../h/riscv.hpp ****     __asm__ volatile ("csrs sip, %[mask]" : : [mask] "r"(mask));
 140:src/../h/riscv.hpp **** }
 141:src/../h/riscv.hpp **** 
 142:src/../h/riscv.hpp **** inline void Riscv::mc_sip(uint64 mask)
 143:src/../h/riscv.hpp **** {
 144:src/../h/riscv.hpp ****     __asm__ volatile ("csrc sip, %[mask]" : : [mask] "r"(mask));
 145:src/../h/riscv.hpp **** }
 146:src/../h/riscv.hpp **** 
 147:src/../h/riscv.hpp **** inline uint64 Riscv::r_sip()
 148:src/../h/riscv.hpp **** {
 149:src/../h/riscv.hpp ****     uint64 volatile sip;
 150:src/../h/riscv.hpp ****     __asm__ volatile ("csrr %[sip], sip" : [sip] "=r"(sip));
 151:src/../h/riscv.hpp ****     return sip;
GAS LISTING /tmp/ccRCH9FT.s 			page 6


 152:src/../h/riscv.hpp **** }
 153:src/../h/riscv.hpp **** 
 154:src/../h/riscv.hpp **** inline void Riscv::w_sip(uint64 sip)
 155:src/../h/riscv.hpp **** {
 156:src/../h/riscv.hpp ****     __asm__ volatile ("csrw sip, %[sip]" : : [sip] "r"(sip));
 157:src/../h/riscv.hpp **** }
 158:src/../h/riscv.hpp **** 
 159:src/../h/riscv.hpp **** inline void Riscv::ms_sstatus(uint64 mask)
 160:src/../h/riscv.hpp **** {
 161:src/../h/riscv.hpp ****     __asm__ volatile ("csrs sstatus, %[mask]" : : [mask] "r"(mask));
  94              		.loc 2 161 5
  95              		.loc 2 161 68 is_stmt 0
  96 0080 93072000 		li	a5,2
  97              	#APP
  98              	# 161 "src/../h/riscv.hpp" 1
 162              	}
  99              		csrs sstatus, a5
 100              	# 0 "" 2
 101              	.LVL5:
 102              	#NO_APP
 103              	.L5:
 104              	.LBE11:
 105              	.LBE10:
  39:src/main.cpp  **** 
  40:src/main.cpp  ****     while(!userMainThread->isFinished())
 106              		.loc 1 40 5 is_stmt 1
 107              		.loc 1 40 11
 108              		.loc 1 40 38 is_stmt 0
 109 0088 833704FE 		ld	a5,-32(s0)
 110              	.LVL6:
 111              	.LBB12:
 112              	.LBB13:
 113              		.file 3 "src/../h/tcb.hpp"
   1:src/../h/tcb.hpp **** //
   2:src/../h/tcb.hpp **** // Created by os on 5/17/24.
   3:src/../h/tcb.hpp **** //
   4:src/../h/tcb.hpp **** 
   5:src/../h/tcb.hpp **** #ifndef PROJECT_BASE_TCB_HPP
   6:src/../h/tcb.hpp **** #define PROJECT_BASE_TCB_HPP
   7:src/../h/tcb.hpp **** 
   8:src/../h/tcb.hpp **** #include "../lib/hw.h"
   9:src/../h/tcb.hpp **** #include "scheduler.hpp"
  10:src/../h/tcb.hpp **** #include "../h/syscall_cpp.hpp"
  11:src/../h/tcb.hpp **** #include "../h/MemoryAllocator.hpp"
  12:src/../h/tcb.hpp **** #include "../h/MySemaphore.hpp"
  13:src/../h/tcb.hpp **** 
  14:src/../h/tcb.hpp **** // Thread Control Block
  15:src/../h/tcb.hpp **** class TCB
  16:src/../h/tcb.hpp **** {
  17:src/../h/tcb.hpp **** 
  18:src/../h/tcb.hpp **** public:
  19:src/../h/tcb.hpp **** 
  20:src/../h/tcb.hpp ****     ~TCB() { MemoryAllocator::mem_free(stack); }
  21:src/../h/tcb.hpp ****     bool isFinished() const { return finished; }
 114              		.loc 3 21 31 is_stmt 1
 115              		.loc 3 21 38 is_stmt 0
 116 008c 83C78702 		lbu	a5,40(a5)
GAS LISTING /tmp/ccRCH9FT.s 			page 7


 117              	.LVL7:
 118              	.LBE13:
 119              	.LBE12:
 120              		.loc 1 40 11
 121 0090 63980700 		bnez	a5,.L4
  41:src/main.cpp  ****     {
  42:src/main.cpp  ****         thread_dispatch();
 122              		.loc 1 42 9 is_stmt 1
 123              		.loc 1 42 24 is_stmt 0
 124 0094 97000000 		call	_Z15thread_dispatchv@plt
 124      E7800000 
 125              	.LVL8:
 126 009c 6FF0DFFE 		j	.L5
 127              	.L4:
  43:src/main.cpp  ****     }
  44:src/main.cpp  **** 
  45:src/main.cpp  ****     return 0;
 128              		.loc 1 45 5 is_stmt 1
  46:src/main.cpp  **** }...
 129              		.loc 1 46 1 is_stmt 0
 130 00a0 13050000 		li	a0,0
 131 00a4 83308101 		ld	ra,24(sp)
 132              		.cfi_restore 1
 133 00a8 03340101 		ld	s0,16(sp)
 134              		.cfi_restore 8
 135              		.cfi_def_cfa 2, 32
 136 00ac 13010102 		addi	sp,sp,32
 137              		.cfi_def_cfa_offset 0
 138 00b0 67800000 		jr	ra
 139              		.cfi_endproc
 140              	.LFE40:
 142              	.Letext0:
 143              		.file 4 "src/../lib/hw.h"
 144              		.file 5 "src/../h/syscall_c.hpp"
 145              		.file 6 "src/../h/../h/MySemaphore.hpp"
 146              		.file 7 "src/../h/list.hpp"
GAS LISTING /tmp/ccRCH9FT.s 			page 8


DEFINED SYMBOLS
                            *ABS*:0000000000000000 main.cpp
     /tmp/ccRCH9FT.s:9      .text:0000000000000000 _Z15userMainWrapperPv
     /tmp/ccRCH9FT.s:13     .text:0000000000000000 .L0 
     /tmp/ccRCH9FT.s:14     .text:0000000000000000 .L0 
     /tmp/ccRCH9FT.s:15     .text:0000000000000004 .L0 
     /tmp/ccRCH9FT.s:18     .text:000000000000000c .L0 
     /tmp/ccRCH9FT.s:19     .text:000000000000000c .L0 
     /tmp/ccRCH9FT.s:21     .text:0000000000000010 .L0 
     /tmp/ccRCH9FT.s:23     .text:0000000000000010 .L0 
     /tmp/ccRCH9FT.s:24     .text:0000000000000010 .L0 
     /tmp/ccRCH9FT.s:27     .text:0000000000000018 .L0 
     /tmp/ccRCH9FT.s:28     .text:000000000000001c .L0 
     /tmp/ccRCH9FT.s:30     .text:0000000000000020 .L0 
     /tmp/ccRCH9FT.s:31     .text:0000000000000020 .L0 
     /tmp/ccRCH9FT.s:33     .text:0000000000000024 .L0 
     /tmp/ccRCH9FT.s:35     .text:0000000000000028 .L0 
     /tmp/ccRCH9FT.s:41     .text:0000000000000028 main
     /tmp/ccRCH9FT.s:44     .text:0000000000000028 .L0 
     /tmp/ccRCH9FT.s:45     .text:0000000000000028 .L0 
     /tmp/ccRCH9FT.s:46     .text:000000000000002c .L0 
     /tmp/ccRCH9FT.s:49     .text:0000000000000034 .L0 
     /tmp/ccRCH9FT.s:50     .text:0000000000000034 .L0 
     /tmp/ccRCH9FT.s:52     .text:0000000000000038 .L0 
     /tmp/ccRCH9FT.s:54     .text:0000000000000038 .L0 
     /tmp/ccRCH9FT.s:55     .text:0000000000000038 .L0 
     /tmp/ccRCH9FT.s:61     .text:0000000000000040 .L0 
  src/../h/riscv.hpp:122    .text:0000000000000040 .L0 
     /tmp/ccRCH9FT.s:71     .text:0000000000000044 .L0 
     /tmp/ccRCH9FT.s:72     .text:0000000000000044 .L0 
     /tmp/ccRCH9FT.s:73     .text:0000000000000044 .L0 
     /tmp/ccRCH9FT.s:79     .text:0000000000000058 .L0 
     /tmp/ccRCH9FT.s:80     .text:0000000000000058 .L0 
     /tmp/ccRCH9FT.s:84     .text:0000000000000068 .L0 
     /tmp/ccRCH9FT.s:85     .text:0000000000000068 .L0 
     /tmp/ccRCH9FT.s:86     .text:0000000000000068 .L0 
     /tmp/ccRCH9FT.s:94     .text:0000000000000080 .L0 
     /tmp/ccRCH9FT.s:95     .text:0000000000000080 .L0 
     /tmp/ccRCH9FT.s:96     .text:0000000000000080 .L0 
     /tmp/ccRCH9FT.s:107    .text:0000000000000088 .L0 
     /tmp/ccRCH9FT.s:108    .text:0000000000000088 .L0 
     /tmp/ccRCH9FT.s:109    .text:0000000000000088 .L0 
     /tmp/ccRCH9FT.s:115    .text:000000000000008c .L0 
     /tmp/ccRCH9FT.s:116    .text:000000000000008c .L0 
     /tmp/ccRCH9FT.s:121    .text:0000000000000090 .L0 
     /tmp/ccRCH9FT.s:123    .text:0000000000000094 .L0 
     /tmp/ccRCH9FT.s:124    .text:0000000000000094 .L0 
     /tmp/ccRCH9FT.s:129    .text:00000000000000a0 .L0 
     /tmp/ccRCH9FT.s:130    .text:00000000000000a0 .L0 
     /tmp/ccRCH9FT.s:132    .text:00000000000000a8 .L0 
     /tmp/ccRCH9FT.s:134    .text:00000000000000ac .L0 
     /tmp/ccRCH9FT.s:135    .text:00000000000000ac .L0 
     /tmp/ccRCH9FT.s:137    .text:00000000000000b0 .L0 
     /tmp/ccRCH9FT.s:139    .text:00000000000000b4 .L0 
     /tmp/ccRCH9FT.s:147    .text:00000000000000b4 .L0 
     /tmp/ccRCH9FT.s:55     .text:0000000000000038 .L0 
     /tmp/ccRCH9FT.s:80     .text:0000000000000058 .L0 
GAS LISTING /tmp/ccRCH9FT.s 			page 9


     /tmp/ccRCH9FT.s:87     .text:000000000000006c .L0 
     /tmp/ccRCH9FT.s:127    .text:00000000000000a0 .L4
     /tmp/ccRCH9FT.s:103    .text:0000000000000088 .L5
     /tmp/ccRCH9FT.s:1506   .debug_abbrev:0000000000000000 .Ldebug_abbrev0
     /tmp/ccRCH9FT.s:2685   .debug_str:000000000000094b .LASF156
     /tmp/ccRCH9FT.s:2483   .debug_str:0000000000000315 .LASF157
     /tmp/ccRCH9FT.s:2433   .debug_str:000000000000013c .LASF158
     /tmp/ccRCH9FT.s:5      .text:0000000000000000 .Ltext0
     /tmp/ccRCH9FT.s:142    .text:00000000000000b4 .Letext0
     /tmp/ccRCH9FT.s:2403   .debug_line:0000000000000000 .Ldebug_line0
     /tmp/ccRCH9FT.s:2521   .debug_str:000000000000046d .LASF0
     /tmp/ccRCH9FT.s:2545   .debug_str:0000000000000553 .LASF1
     /tmp/ccRCH9FT.s:2639   .debug_str:000000000000080c .LASF2
     /tmp/ccRCH9FT.s:2645   .debug_str:000000000000083c .LASF4
     /tmp/ccRCH9FT.s:2529   .debug_str:00000000000004b5 .LASF3
     /tmp/ccRCH9FT.s:2419   .debug_str:0000000000000099 .LASF5
     /tmp/ccRCH9FT.s:2603   .debug_str:00000000000006ff .LASF6
     /tmp/ccRCH9FT.s:2539   .debug_str:0000000000000524 .LASF7
     /tmp/ccRCH9FT.s:2491   .debug_str:0000000000000359 .LASF8
     /tmp/ccRCH9FT.s:2499   .debug_str:00000000000003b2 .LASF9
     /tmp/ccRCH9FT.s:2441   .debug_str:00000000000001a6 .LASF10
     /tmp/ccRCH9FT.s:2481   .debug_str:0000000000000306 .LASF11
     /tmp/ccRCH9FT.s:2453   .debug_str:0000000000000221 .LASF12
     /tmp/ccRCH9FT.s:2439   .debug_str:0000000000000196 .LASF13
     /tmp/ccRCH9FT.s:2673   .debug_str:0000000000000912 .LASF14
     /tmp/ccRCH9FT.s:2469   .debug_str:000000000000029a .LASF15
     /tmp/ccRCH9FT.s:2663   .debug_str:00000000000008cf .LASF16
     /tmp/ccRCH9FT.s:2709   .debug_str:0000000000000ad8 .LASF17
     /tmp/ccRCH9FT.s:2675   .debug_str:000000000000091e .LASF159
     /tmp/ccRCH9FT.s:2647   .debug_str:0000000000000843 .LASF18
     /tmp/ccRCH9FT.s:2415   .debug_str:000000000000006c .LASF20
     /tmp/ccRCH9FT.s:2677   .debug_str:0000000000000926 .LASF113
     /tmp/ccRCH9FT.s:2579   .debug_str:0000000000000668 .LASF114
     /tmp/ccRCH9FT.s:2431   .debug_str:0000000000000130 .LASF19
     /tmp/ccRCH9FT.s:2697   .debug_str:0000000000000a79 .LASF21
     /tmp/ccRCH9FT.s:2671   .debug_str:0000000000000904 .LASF22
     /tmp/ccRCH9FT.s:2635   .debug_str:00000000000007d9 .LASF23
     /tmp/ccRCH9FT.s:2627   .debug_str:00000000000007a4 .LASF66
     /tmp/ccRCH9FT.s:2551   .debug_str:00000000000005a1 .LASF68
     /tmp/ccRCH9FT.s:2565   .debug_str:00000000000005fd .LASF24
     /tmp/ccRCH9FT.s:2479   .debug_str:00000000000002ef .LASF26
     /tmp/ccRCH9FT.s:2595   .debug_str:00000000000006c4 .LASF30
     /tmp/ccRCH9FT.s:2725   .debug_str:0000000000000b36 .LASF32
     /tmp/ccRCH9FT.s:2563   .debug_str:00000000000005f5 .LASF25
     /tmp/ccRCH9FT.s:2575   .debug_str:0000000000000651 .LASF27
     /tmp/ccRCH9FT.s:2681   .debug_str:0000000000000936 .LASF160
     /tmp/ccRCH9FT.s:2731   .debug_str:0000000000000b67 .LASF28
     /tmp/ccRCH9FT.s:2495   .debug_str:000000000000038a .LASF29
     /tmp/ccRCH9FT.s:2409   .debug_str:000000000000001a .LASF31
     /tmp/ccRCH9FT.s:2561   .debug_str:00000000000005e8 .LASF33
     /tmp/ccRCH9FT.s:2599   .debug_str:00000000000006ee .LASF161
     /tmp/ccRCH9FT.s:2407   .debug_str:0000000000000015 .LASF162
     /tmp/ccRCH9FT.s:2443   .debug_str:00000000000001b5 .LASF163
     /tmp/ccRCH9FT.s:2727   .debug_str:0000000000000b49 .LASF34
     /tmp/ccRCH9FT.s:2693   .debug_str:0000000000000a5c .LASF35
     /tmp/ccRCH9FT.s:2661   .debug_str:00000000000008c6 .LASF36
     /tmp/ccRCH9FT.s:2477   .debug_str:00000000000002e5 .LASF37
GAS LISTING /tmp/ccRCH9FT.s 			page 10


     /tmp/ccRCH9FT.s:2589   .debug_str:00000000000006a2 .LASF38
     /tmp/ccRCH9FT.s:2519   .debug_str:0000000000000467 .LASF39
     /tmp/ccRCH9FT.s:2591   .debug_str:00000000000006a7 .LASF40
     /tmp/ccRCH9FT.s:2507   .debug_str:00000000000003fd .LASF41
     /tmp/ccRCH9FT.s:2611   .debug_str:000000000000073a .LASF104
     /tmp/ccRCH9FT.s:2549   .debug_str:0000000000000588 .LASF106
     /tmp/ccRCH9FT.s:2457   .debug_str:000000000000024c .LASF164
     /tmp/ccRCH9FT.s:2413   .debug_str:0000000000000044 .LASF165
     /tmp/ccRCH9FT.s:2723   .debug_str:0000000000000b30 .LASF42
     /tmp/ccRCH9FT.s:2447   .debug_str:00000000000001df .LASF43
     /tmp/ccRCH9FT.s:2405   .debug_str:0000000000000000 .LASF44
     /tmp/ccRCH9FT.s:2631   .debug_str:00000000000007b9 .LASF45
     /tmp/ccRCH9FT.s:2449   .debug_str:00000000000001eb .LASF46
     /tmp/ccRCH9FT.s:2621   .debug_str:000000000000077d .LASF47
     /tmp/ccRCH9FT.s:2437   .debug_str:0000000000000177 .LASF48
     /tmp/ccRCH9FT.s:2737   .debug_str:0000000000000b85 .LASF49
     /tmp/ccRCH9FT.s:2487   .debug_str:0000000000000336 .LASF50
     /tmp/ccRCH9FT.s:2505   .debug_str:00000000000003f2 .LASF51
     /tmp/ccRCH9FT.s:2425   .debug_str:00000000000000be .LASF52
     /tmp/ccRCH9FT.s:2613   .debug_str:0000000000000748 .LASF53
     /tmp/ccRCH9FT.s:2547   .debug_str:0000000000000566 .LASF54
     /tmp/ccRCH9FT.s:2473   .debug_str:00000000000002cc .LASF55
     /tmp/ccRCH9FT.s:2739   .debug_str:0000000000000b8e .LASF56
     /tmp/ccRCH9FT.s:2607   .debug_str:000000000000071c .LASF57
     /tmp/ccRCH9FT.s:2557   .debug_str:00000000000005ca .LASF58
     /tmp/ccRCH9FT.s:2615   .debug_str:0000000000000754 .LASF59
     /tmp/ccRCH9FT.s:2513   .debug_str:0000000000000437 .LASF60
     /tmp/ccRCH9FT.s:2679   .debug_str:0000000000000931 .LASF61
     /tmp/ccRCH9FT.s:2715   .debug_str:0000000000000b09 .LASF62
     /tmp/ccRCH9FT.s:2705   .debug_str:0000000000000ac4 .LASF166
     /tmp/ccRCH9FT.s:2475   .debug_str:00000000000002d9 .LASF63
     /tmp/ccRCH9FT.s:2683   .debug_str:000000000000093e .LASF64
     /tmp/ccRCH9FT.s:2461   .debug_str:000000000000025f .LASF65
     /tmp/ccRCH9FT.s:2511   .debug_str:000000000000042c .LASF67
     /tmp/ccRCH9FT.s:2517   .debug_str:000000000000044f .LASF69
     /tmp/ccRCH9FT.s:2699   .debug_str:0000000000000a90 .LASF70
     /tmp/ccRCH9FT.s:2695   .debug_str:0000000000000a64 .LASF71
     /tmp/ccRCH9FT.s:2733   .debug_str:0000000000000b74 .LASF72
     /tmp/ccRCH9FT.s:2593   .debug_str:00000000000006af .LASF73
     /tmp/ccRCH9FT.s:2617   .debug_str:0000000000000763 .LASF74
     /tmp/ccRCH9FT.s:2619   .debug_str:000000000000076a .LASF75
     /tmp/ccRCH9FT.s:2585   .debug_str:000000000000068c .LASF76
     /tmp/ccRCH9FT.s:2541   .debug_str:0000000000000537 .LASF77
     /tmp/ccRCH9FT.s:2721   .debug_str:0000000000000b28 .LASF78
     /tmp/ccRCH9FT.s:2689   .debug_str:0000000000000a32 .LASF79
     /tmp/ccRCH9FT.s:2581   .debug_str:000000000000067f .LASF80
     /tmp/ccRCH9FT.s:2485   .debug_str:0000000000000322 .LASF81
     /tmp/ccRCH9FT.s:2553   .debug_str:00000000000005bc .LASF82
     /tmp/ccRCH9FT.s:2623   .debug_str:0000000000000787 .LASF83
     /tmp/ccRCH9FT.s:2735   .debug_str:0000000000000b7d .LASF84
     /tmp/ccRCH9FT.s:2527   .debug_str:00000000000004a1 .LASF85
     /tmp/ccRCH9FT.s:2669   .debug_str:00000000000008fd .LASF86
     /tmp/ccRCH9FT.s:2649   .debug_str:0000000000000848 .LASF87
     /tmp/ccRCH9FT.s:2651   .debug_str:000000000000085b .LASF88
     /tmp/ccRCH9FT.s:2445   .debug_str:00000000000001cc .LASF89
     /tmp/ccRCH9FT.s:2465   .debug_str:000000000000027d .LASF90
     /tmp/ccRCH9FT.s:2515   .debug_str:000000000000043d .LASF91
GAS LISTING /tmp/ccRCH9FT.s 			page 11


     /tmp/ccRCH9FT.s:2525   .debug_str:000000000000049b .LASF92
     /tmp/ccRCH9FT.s:2463   .debug_str:000000000000026b .LASF93
     /tmp/ccRCH9FT.s:2421   .debug_str:00000000000000a0 .LASF94
     /tmp/ccRCH9FT.s:2643   .debug_str:0000000000000824 .LASF95
     /tmp/ccRCH9FT.s:2637   .debug_str:0000000000000801 .LASF96
     /tmp/ccRCH9FT.s:2729   .debug_str:0000000000000b4f .LASF97
     /tmp/ccRCH9FT.s:2717   .debug_str:0000000000000b0f .LASF98
     /tmp/ccRCH9FT.s:2451   .debug_str:000000000000020b .LASF99
     /tmp/ccRCH9FT.s:2711   .debug_str:0000000000000ae1 .LASF100
     /tmp/ccRCH9FT.s:2569   .debug_str:0000000000000619 .LASF101
     /tmp/ccRCH9FT.s:2719   .debug_str:0000000000000b19 .LASF102
     /tmp/ccRCH9FT.s:2497   .debug_str:0000000000000396 .LASF103
     /tmp/ccRCH9FT.s:2653   .debug_str:0000000000000862 .LASF105
     /tmp/ccRCH9FT.s:2535   .debug_str:00000000000004e5 .LASF107
     /tmp/ccRCH9FT.s:2605   .debug_str:0000000000000712 .LASF108
     /tmp/ccRCH9FT.s:2701   .debug_str:0000000000000a99 .LASF131
     /tmp/ccRCH9FT.s:2667   .debug_str:00000000000008f8 .LASF109
     /tmp/ccRCH9FT.s:2583   .debug_str:0000000000000687 .LASF110
     /tmp/ccRCH9FT.s:2577   .debug_str:0000000000000663 .LASF111
     /tmp/ccRCH9FT.s:2665   .debug_str:00000000000008e5 .LASF112
     /tmp/ccRCH9FT.s:2467   .debug_str:0000000000000283 .LASF115
     /tmp/ccRCH9FT.s:2641   .debug_str:000000000000081a .LASF134
     /tmp/ccRCH9FT.s:2633   .debug_str:00000000000007c2 .LASF135
     /tmp/ccRCH9FT.s:2533   .debug_str:00000000000004d4 .LASF116
     /tmp/ccRCH9FT.s:2687   .debug_str:0000000000000a0f .LASF117
     /tmp/ccRCH9FT.s:2543   .debug_str:000000000000054a .LASF118
     /tmp/ccRCH9FT.s:2435   .debug_str:000000000000015a .LASF119
     /tmp/ccRCH9FT.s:2559   .debug_str:00000000000005e0 .LASF120
     /tmp/ccRCH9FT.s:2471   .debug_str:00000000000002b0 .LASF121
     /tmp/ccRCH9FT.s:2601   .debug_str:00000000000006f3 .LASF122
     /tmp/ccRCH9FT.s:2713   .debug_str:0000000000000aeb .LASF123
     /tmp/ccRCH9FT.s:2503   .debug_str:00000000000003e8 .LASF124
     /tmp/ccRCH9FT.s:2455   .debug_str:0000000000000231 .LASF125
     /tmp/ccRCH9FT.s:2655   .debug_str:0000000000000877 .LASF126
     /tmp/ccRCH9FT.s:2537   .debug_str:0000000000000507 .LASF127
     /tmp/ccRCH9FT.s:2625   .debug_str:000000000000079b .LASF128
     /tmp/ccRCH9FT.s:2411   .debug_str:000000000000002a .LASF129
     /tmp/ccRCH9FT.s:2423   .debug_str:00000000000000ab .LASF130
     /tmp/ccRCH9FT.s:2659   .debug_str:00000000000008a9 .LASF132
     /tmp/ccRCH9FT.s:2523   .debug_str:000000000000047a .LASF133
     /tmp/ccRCH9FT.s:2417   .debug_str:0000000000000078 .LASF136
     /tmp/ccRCH9FT.s:2429   .debug_str:0000000000000103 .LASF137
     /tmp/ccRCH9FT.s:2657   .debug_str:0000000000000882 .LASF138
     /tmp/ccRCH9FT.s:2703   .debug_str:0000000000000a9e .LASF139
     /tmp/ccRCH9FT.s:2501   .debug_str:00000000000003c0 .LASF140
     /tmp/ccRCH9FT.s:2597   .debug_str:00000000000006c9 .LASF141
     /tmp/ccRCH9FT.s:2509   .debug_str:0000000000000405 .LASF142
     /tmp/ccRCH9FT.s:2427   .debug_str:00000000000000df .LASF143
     /tmp/ccRCH9FT.s:2629   .debug_str:00000000000007b4 .LASF144
     /tmp/ccRCH9FT.s:2489   .debug_str:0000000000000354 .LASF145
     /tmp/ccRCH9FT.s:42     .text:0000000000000028 .LFB40
     /tmp/ccRCH9FT.s:140    .text:00000000000000b4 .LFE40
     /tmp/ccRCH9FT.s:2531   .debug_str:00000000000004c7 .LASF146
     /tmp/ccRCH9FT.s:2587   .debug_str:0000000000000693 .LASF147
     /tmp/ccRCH9FT.s:57     .text:0000000000000040 .LBB8
     /tmp/ccRCH9FT.s:69     .text:0000000000000044 .LBE8
     /tmp/ccRCH9FT.s:92     .text:0000000000000080 .LBB10
GAS LISTING /tmp/ccRCH9FT.s 			page 12


     /tmp/ccRCH9FT.s:105    .text:0000000000000088 .LBE10
     /tmp/ccRCH9FT.s:2375   .debug_loc:0000000000000000 .LLST0
     /tmp/ccRCH9FT.s:111    .text:000000000000008c .LBB12
     /tmp/ccRCH9FT.s:119    .text:0000000000000090 .LBE12
     /tmp/ccRCH9FT.s:2383   .debug_loc:0000000000000024 .LLST1
     /tmp/ccRCH9FT.s:77     .text:0000000000000058 .LVL3
     /tmp/ccRCH9FT.s:90     .text:0000000000000080 .LVL4
     /tmp/ccRCH9FT.s:125    .text:000000000000009c .LVL8
     /tmp/ccRCH9FT.s:2567   .debug_str:0000000000000609 .LASF148
     /tmp/ccRCH9FT.s:2691   .debug_str:0000000000000a46 .LASF149
     /tmp/ccRCH9FT.s:10     .text:0000000000000000 .LFB39
     /tmp/ccRCH9FT.s:36     .text:0000000000000028 .LFE39
     /tmp/ccRCH9FT.s:25     .text:0000000000000018 .LVL0
     /tmp/ccRCH9FT.s:2459   .debug_str:000000000000025a .LASF167
     /tmp/ccRCH9FT.s:2707   .debug_str:0000000000000ad3 .LASF150
     /tmp/ccRCH9FT.s:2555   .debug_str:00000000000005c4 .LASF151
     /tmp/ccRCH9FT.s:2493   .debug_str:0000000000000369 .LASF152
     /tmp/ccRCH9FT.s:2573   .debug_str:000000000000063c .LASF153
     /tmp/ccRCH9FT.s:2571   .debug_str:000000000000062f .LASF154
     /tmp/ccRCH9FT.s:2609   .debug_str:0000000000000731 .LASF155
     /tmp/ccRCH9FT.s:101    .text:0000000000000088 .LVL5
     /tmp/ccRCH9FT.s:110    .text:000000000000008c .LVL6
     /tmp/ccRCH9FT.s:117    .text:0000000000000090 .LVL7
     /tmp/ccRCH9FT.s:148    .debug_info:0000000000000000 .Ldebug_info0

UNDEFINED SYMBOLS
_Z8userMainv
_ZN5Riscv14supervisorTrapEv
_Z13thread_createPP3TCBPFvPvES2_
_ZN3TCB7runningE
_Z15thread_dispatchv
